  Source.cpp
C:\Users\ikhsa\source\repos\Game Project\Game Project\Source.cpp(71,92): warning C4244: 'argument': conversion from 'int' to 'float', possible loss of data
C:\Users\ikhsa\source\repos\Game Project\Game Project\Source.cpp(93,92): warning C4244: 'argument': conversion from 'int' to 'float', possible loss of data
C:\Users\ikhsa\source\repos\Game Project\Game Project\Source.cpp(121,12): warning C4244: 'argument': conversion from 'time_t' to 'unsigned int', possible loss of data
C:\Users\ikhsa\source\repos\Game Project\Game Project\Source.cpp(141,23): warning C4244: 'argument': conversion from 'double' to 'T', possible loss of data
          with
          [
              T=int
          ]
C:\Users\ikhsa\source\repos\Game Project\Game Project\Source.cpp(141,18): warning C4244: 'argument': conversion from 'double' to 'T', possible loss of data
          with
          [
              T=int
          ]
C:\Users\ikhsa\source\repos\Game Project\Game Project\Source.cpp(180,41): warning C4244: 'argument': conversion from 'double' to 'float', possible loss of data
C:\Users\ikhsa\source\repos\Game Project\Game Project\Source.cpp(238,53): warning C4244: 'argument': conversion from 'T' to 'float', possible loss of data
          with
          [
              T=unsigned int
          ]
C:\Users\ikhsa\source\repos\Game Project\Game Project\Source.cpp(371,46): warning C4244: 'argument': conversion from 'int' to 'float', possible loss of data
C:\Users\ikhsa\source\repos\Game Project\Game Project\Source.cpp(375,34): warning C4244: 'argument': conversion from 'int' to 'float', possible loss of data
  Generating code
  2 of 311 functions ( 0.6%) were compiled, the rest were copied from previous compilation.
    0 functions were new in current compilation
    5 functions had inline decision re-evaluated but remain unchanged
  Finished generating code
  Game Project.vcxproj -> C:\Users\ikhsa\source\repos\Game Project\x64\Release\Game Project.exe
